<?xml version="1.0" encoding="UTF-8"?>
<!-- Generated by org.testng.reporters.JUnitXMLReporter -->
<testsuite hostname="NDATSTNPC074" name="MCPM user Test" tests="1" failures="1" timestamp="25 Feb 2016 11:02:01 GMT" time="2.141" errors="0">
  <testcase name="mcpmGetUserDetailsTest" time="2.131" classname="com.markit.kyc.citrus.MCPMGetUserDetailsTest">
    <failure type="com.consol.citrus.exceptions.TestCaseFailedException" message="Test case failed">
      <![CDATA[com.consol.citrus.exceptions.TestCaseFailedException: Test case failed
	at com.consol.citrus.TestCase.doExecute(TestCase.java:91)
	at com.consol.citrus.actions.AbstractTestAction.execute(AbstractTestAction.java:42)
	at com.consol.citrus.testng.AbstractTestRunner.run(AbstractTestRunner.java:40)
	at com.consol.citrus.testng.AbstractTestNGCitrusTest.run(AbstractTestNGCitrusTest.java:90)
	at sun.reflect.NativeMethodAccessorImpl.invoke0(Native Method)
	at sun.reflect.NativeMethodAccessorImpl.invoke(Unknown Source)
	at sun.reflect.DelegatingMethodAccessorImpl.invoke(Unknown Source)
	at java.lang.reflect.Method.invoke(Unknown Source)
	at org.testng.internal.MethodInvocationHelper.invokeHookable(MethodInvocationHelper.java:212)
	at org.testng.internal.Invoker.invokeMethod(Invoker.java:707)
	at org.testng.internal.Invoker.invokeTestMethod(Invoker.java:901)
	at org.testng.internal.Invoker.invokeTestMethods(Invoker.java:1231)
	at org.testng.internal.TestMethodWorker.invokeTestMethods(TestMethodWorker.java:127)
	at org.testng.internal.TestMethodWorker.run(TestMethodWorker.java:111)
	at org.testng.TestRunner.privateRun(TestRunner.java:767)
	at org.testng.TestRunner.run(TestRunner.java:617)
	at org.testng.SuiteRunner.runTest(SuiteRunner.java:334)
	at org.testng.SuiteRunner.runSequentially(SuiteRunner.java:329)
	at org.testng.SuiteRunner.privateRun(SuiteRunner.java:291)
	at org.testng.SuiteRunner.run(SuiteRunner.java:240)
	at org.testng.SuiteRunnerWorker.runSuite(SuiteRunnerWorker.java:52)
	at org.testng.SuiteRunnerWorker.run(SuiteRunnerWorker.java:86)
	at org.testng.TestNG.runSuitesSequentially(TestNG.java:1224)
	at org.testng.TestNG.runSuitesLocally(TestNG.java:1149)
	at org.testng.TestNG.run(TestNG.java:1057)
	at org.testng.remote.RemoteTestNG.run(RemoteTestNG.java:111)
	at org.testng.remote.RemoteTestNG.initAndRun(RemoteTestNG.java:204)
	at org.testng.remote.RemoteTestNG.main(RemoteTestNG.java:175)
Caused by: com.consol.citrus.exceptions.ValidationException: Groovy script validation failed with assertion error:
assert json.emailAddress=='kyc_heartbeat_test@markit.com'
       |    |           |
       |    [null]      false
       [[errorMessage:User not found, errorCode:400]] assert json.emailAddress=='kyc_heartbeat_test@markit.com'
       |    |           |
       |    [null]      false
       [[errorMessage:User not found, errorCode:400]]
	at com/markit/kyc/citrus/MCPMGetUserDetailsTest(receive:49-63)
	at com.consol.citrus.validation.script.GroovyScriptMessageValidator.validateMessage(GroovyScriptMessageValidator.java:102)
	at com.consol.citrus.validation.script.GroovyScriptMessageValidator.validateMessage(GroovyScriptMessageValidator.java:47)
	at com.consol.citrus.validation.AbstractMessageValidator.validateMessage(AbstractMessageValidator.java:43)
	at com.consol.citrus.actions.ReceiveMessageAction.validateMessage(ReceiveMessageAction.java:191)
	at com.consol.citrus.actions.ReceiveMessageAction.doExecute(ReceiveMessageAction.java:130)
	at com.consol.citrus.actions.AbstractTestAction.execute(AbstractTestAction.java:42)
	at com.consol.citrus.TestCase.run(TestCase.java:190)
	at com.consol.citrus.TestCase.doExecute(TestCase.java:86)
	... 27 more
Caused by: Assertion failed: 

assert json.emailAddress=='kyc_heartbeat_test@markit.com'
       |    |           |
       |    [null]      false
       [[errorMessage:User not found, errorCode:400]]

	at org.codehaus.groovy.runtime.InvokerHelper.assertFailed(InvokerHelper.java:399)
	at org.codehaus.groovy.runtime.ScriptBytecodeAdapter.assertFailed(ScriptBytecodeAdapter.java:655)
	at ValidationScript.validate(script1456398120644757270686.groovy:13)
	at com.consol.citrus.validation.script.GroovyScriptMessageValidator.validateMessage(GroovyScriptMessageValidator.java:91)
	... 34 more
]]>
    </failure>
  </testcase> <!-- mcpmGetUserDetailsTest -->
</testsuite> <!-- MCPM user Test -->
